<?xml version="1.0" encoding="UTF-8"?>
<testsuite xmlns:xsi="http://www.w3.org/2001/XMLSchema-instance" xsi:noNamespaceSchemaLocation="https://maven.apache.org/surefire/maven-surefire-plugin/xsd/surefire-test-report-3.0.xsd" version="3.0" name="runner.TestMyRunner" time="83.474" tests="7" errors="0" skipped="0" failures="0">
  <properties>
[...]
</properties>
  <testcase name=" #1" classname="User Login" time="15.376">
    <system-out><![CDATA[
@login
Scenario Outline:                                                             &amp#27;[90m# src/test/resources/features/login.feature:14&amp#27;[0m
  &amp#27;[32mGiven &amp#27;[0m&amp#27;[32mUser has navigated to login page&amp#27;[0m                                      &amp#27;[90m# stepDefinitions.Login.user_has_navigated_to_login_page()&amp#27;[0m
  &amp#27;[32mWhen &amp#27;[0m&amp#27;[32mUser enter valid email address &amp#27;[0m&amp#27;[32m&amp#27;[1mamotooricap1@gmail.com&amp#27;[0m&amp#27;[32m into email field&amp#27;[0m &amp#27;[90m# stepDefinitions.Login.user_enter_valid_email_address_into_email_field(java.lang.String)&amp#27;[0m
  &amp#27;[32mAnd &amp#27;[0m&amp#27;[32mUser has entered valid password &amp#27;[0m&amp#27;[32m&amp#27;[1m12345&amp#27;[0m&amp#27;[32m into password field.&amp#27;[0m              &amp#27;[90m# stepDefinitions.Login.user_has_entered_valid_password_into_password_field(java.lang.String)&amp#27;[0m
  &amp#27;[32mAnd &amp#27;[0m&amp#27;[32mClick on Continue button&amp#27;[0m                                                &amp#27;[90m# stepDefinitions.Login.click_on_continue_button()&amp#27;[0m
  &amp#27;[32mThen &amp#27;[0m&amp#27;[32mUser should get successfully logged in&amp#27;[0m                                 &amp#27;[90m# stepDefinitions.Login.user_should_get_successfully_logged_in()&amp#27;[0m
]]></system-out>
    <system-err><![CDATA[SLF4J: Failed to load class "org.slf4j.impl.StaticLoggerBinder".
SLF4J: Defaulting to no-operation (NOP) logger implementation
SLF4J: See http://www.slf4j.org/codes.html#StaticLoggerBinder for further details.
Sep 03, 2023 8:35:55 PM org.openqa.selenium.devtools.CdpVersionFinder findNearestMatch
WARNING: Unable to find an exact match for CDP version 116, so returning the closest version found: 115
]]></system-err>
  </testcase>
  <testcase name=" #2" classname="User Login" time="12.184">
    <system-out><![CDATA[
@login
Scenario Outline:                                                             &amp#27;[90m# src/test/resources/features/login.feature:15&amp#27;[0m
  &amp#27;[32mGiven &amp#27;[0m&amp#27;[32mUser has navigated to login page&amp#27;[0m                                      &amp#27;[90m# stepDefinitions.Login.user_has_navigated_to_login_page()&amp#27;[0m
  &amp#27;[32mWhen &amp#27;[0m&amp#27;[32mUser enter valid email address &amp#27;[0m&amp#27;[32m&amp#27;[1mamotooricap2@gmail.com&amp#27;[0m&amp#27;[32m into email field&amp#27;[0m &amp#27;[90m# stepDefinitions.Login.user_enter_valid_email_address_into_email_field(java.lang.String)&amp#27;[0m
  &amp#27;[32mAnd &amp#27;[0m&amp#27;[32mUser has entered valid password &amp#27;[0m&amp#27;[32m&amp#27;[1m12345&amp#27;[0m&amp#27;[32m into password field.&amp#27;[0m              &amp#27;[90m# stepDefinitions.Login.user_has_entered_valid_password_into_password_field(java.lang.String)&amp#27;[0m
  &amp#27;[32mAnd &amp#27;[0m&amp#27;[32mClick on Continue button&amp#27;[0m                                                &amp#27;[90m# stepDefinitions.Login.click_on_continue_button()&amp#27;[0m
  &amp#27;[32mThen &amp#27;[0m&amp#27;[32mUser should get successfully logged in&amp#27;[0m                                 &amp#27;[90m# stepDefinitions.Login.user_should_get_successfully_logged_in()&amp#27;[0m
]]></system-out>
    <system-err><![CDATA[Sep 03, 2023 8:36:07 PM org.openqa.selenium.devtools.CdpVersionFinder findNearestMatch
WARNING: Unable to find an exact match for CDP version 116, so returning the closest version found: 115
]]></system-err>
  </testcase>
  <testcase name=" #3" classname="User Login" time="12.185">
    <system-out><![CDATA[
@login
Scenario Outline:                                                             &amp#27;[90m# src/test/resources/features/login.feature:16&amp#27;[0m
  &amp#27;[32mGiven &amp#27;[0m&amp#27;[32mUser has navigated to login page&amp#27;[0m                                      &amp#27;[90m# stepDefinitions.Login.user_has_navigated_to_login_page()&amp#27;[0m
  &amp#27;[32mWhen &amp#27;[0m&amp#27;[32mUser enter valid email address &amp#27;[0m&amp#27;[32m&amp#27;[1mamotooricap3@gmail.com&amp#27;[0m&amp#27;[32m into email field&amp#27;[0m &amp#27;[90m# stepDefinitions.Login.user_enter_valid_email_address_into_email_field(java.lang.String)&amp#27;[0m
  &amp#27;[32mAnd &amp#27;[0m&amp#27;[32mUser has entered valid password &amp#27;[0m&amp#27;[32m&amp#27;[1m12345&amp#27;[0m&amp#27;[32m into password field.&amp#27;[0m              &amp#27;[90m# stepDefinitions.Login.user_has_entered_valid_password_into_password_field(java.lang.String)&amp#27;[0m
  &amp#27;[32mAnd &amp#27;[0m&amp#27;[32mClick on Continue button&amp#27;[0m                                                &amp#27;[90m# stepDefinitions.Login.click_on_continue_button()&amp#27;[0m
  &amp#27;[32mThen &amp#27;[0m&amp#27;[32mUser should get successfully logged in&amp#27;[0m                                 &amp#27;[90m# stepDefinitions.Login.user_should_get_successfully_logged_in()&amp#27;[0m
]]></system-out>
    <system-err><![CDATA[Sep 03, 2023 8:36:19 PM org.openqa.selenium.devtools.CdpVersionFinder findNearestMatch
WARNING: Unable to find an exact match for CDP version 116, so returning the closest version found: 115
]]></system-err>
  </testcase>
  <testcase name="Login with invalid Credentials" classname="User Login" time="8.897">
    <system-out><![CDATA[
@login
Scenario: Login with invalid Credentials                                     &amp#27;[90m# src/test/resources/features/login.feature:19&amp#27;[0m
  &amp#27;[32mGiven &amp#27;[0m&amp#27;[32mUser has navigated to login page&amp#27;[0m                                     &amp#27;[90m# stepDefinitions.Login.user_has_navigated_to_login_page()&amp#27;[0m
  &amp#27;[32mWhen &amp#27;[0m&amp#27;[32mUser enter invalid email address into email field&amp#27;[0m                     &amp#27;[90m# stepDefinitions.Login.user_enter_invalid_email_address_into_email_field()&amp#27;[0m
  &amp#27;[32mAnd &amp#27;[0m&amp#27;[32mUser has entered invalid password &amp#27;[0m&amp#27;[32m&amp#27;[1m"1239045"&amp#27;[0m&amp#27;[32m into password field.&amp#27;[0m       &amp#27;[90m# stepDefinitions.Login.user_has_entered_invalid_password_into_password_field(java.lang.String)&amp#27;[0m
  &amp#27;[32mAnd &amp#27;[0m&amp#27;[32mClick on Continue button&amp#27;[0m                                               &amp#27;[90m# stepDefinitions.Login.click_on_continue_button()&amp#27;[0m
  &amp#27;[32mThen &amp#27;[0m&amp#27;[32mUser should get getproper warning message about credentials mismatch.&amp#27;[0m &amp#27;[90m# stepDefinitions.Login.user_should_get_getproper_warning_message_about_credentials_mismatch()&amp#27;[0m
]]></system-out>
    <system-err><![CDATA[Sep 03, 2023 8:36:32 PM org.openqa.selenium.devtools.CdpVersionFinder findNearestMatch
WARNING: Unable to find an exact match for CDP version 116, so returning the closest version found: 115
]]></system-err>
  </testcase>
  <testcase name="Login with valid email and invalid password" classname="User Login" time="12.119">
    <system-out><![CDATA[
@login
Scenario: Login with valid email and invalid password                         &amp#27;[90m# src/test/resources/features/login.feature:26&amp#27;[0m
  &amp#27;[32mGiven &amp#27;[0m&amp#27;[32mUser has navigated to login page&amp#27;[0m                                      &amp#27;[90m# stepDefinitions.Login.user_has_navigated_to_login_page()&amp#27;[0m
  &amp#27;[32mWhen &amp#27;[0m&amp#27;[32mUser enter valid email address &amp#27;[0m&amp#27;[32m&amp#27;[1mamotooricap9@gmail.com&amp#27;[0m&amp#27;[32m into email field&amp#27;[0m &amp#27;[90m# stepDefinitions.Login.user_enter_valid_email_address_into_email_field(java.lang.String)&amp#27;[0m
  &amp#27;[32mAnd &amp#27;[0m&amp#27;[32mUser has entered invalid password &amp#27;[0m&amp#27;[32m&amp#27;[1m"1902345"&amp#27;[0m&amp#27;[32m into password field.&amp#27;[0m        &amp#27;[90m# stepDefinitions.Login.user_has_entered_invalid_password_into_password_field(java.lang.String)&amp#27;[0m
  &amp#27;[32mAnd &amp#27;[0m&amp#27;[32mClick on Continue button&amp#27;[0m                                                &amp#27;[90m# stepDefinitions.Login.click_on_continue_button()&amp#27;[0m
  &amp#27;[32mThen &amp#27;[0m&amp#27;[32mUser should get getproper warning message about credentials mismatch.&amp#27;[0m  &amp#27;[90m# stepDefinitions.Login.user_should_get_getproper_warning_message_about_credentials_mismatch()&amp#27;[0m
]]></system-out>
    <system-err><![CDATA[Sep 03, 2023 8:36:41 PM org.openqa.selenium.devtools.CdpVersionFinder findNearestMatch
WARNING: Unable to find an exact match for CDP version 116, so returning the closest version found: 115
]]></system-err>
  </testcase>
  <testcase name="Login with invalid email and valid password" classname="User Login" time="9.081">
    <system-out><![CDATA[
@login
Scenario: Login with invalid email and valid password                        &amp#27;[90m# src/test/resources/features/login.feature:34&amp#27;[0m
  &amp#27;[32mGiven &amp#27;[0m&amp#27;[32mUser has navigated to login page&amp#27;[0m                                     &amp#27;[90m# stepDefinitions.Login.user_has_navigated_to_login_page()&amp#27;[0m
  &amp#27;[32mWhen &amp#27;[0m&amp#27;[32mUser enter invalid email address into email field&amp#27;[0m                     &amp#27;[90m# stepDefinitions.Login.user_enter_invalid_email_address_into_email_field()&amp#27;[0m
  &amp#27;[32mAnd &amp#27;[0m&amp#27;[32mUser has entered valid password &amp#27;[0m&amp#27;[32m&amp#27;[1m"12345"&amp#27;[0m&amp#27;[32m into password field.&amp#27;[0m           &amp#27;[90m# stepDefinitions.Login.user_has_entered_valid_password_into_password_field(java.lang.String)&amp#27;[0m
  &amp#27;[32mAnd &amp#27;[0m&amp#27;[32mClick on Continue button&amp#27;[0m                                               &amp#27;[90m# stepDefinitions.Login.click_on_continue_button()&amp#27;[0m
  &amp#27;[32mThen &amp#27;[0m&amp#27;[32mUser should get getproper warning message about credentials mismatch.&amp#27;[0m &amp#27;[90m# stepDefinitions.Login.user_should_get_getproper_warning_message_about_credentials_mismatch()&amp#27;[0m
]]></system-out>
    <system-err><![CDATA[Sep 03, 2023 8:36:53 PM org.openqa.selenium.devtools.CdpVersionFinder findNearestMatch
WARNING: Unable to find an exact match for CDP version 116, so returning the closest version found: 115
]]></system-err>
  </testcase>
  <testcase name="Login without providing credentials" classname="User Login" time="12.178">
    <system-out><![CDATA[
@login
Scenario: Login without providing credentials                                &amp#27;[90m# src/test/resources/features/login.feature:43&amp#27;[0m
  &amp#27;[32mGiven &amp#27;[0m&amp#27;[32mUser has navigated to login page&amp#27;[0m                                     &amp#27;[90m# stepDefinitions.Login.user_has_navigated_to_login_page()&amp#27;[0m
  &amp#27;[32mWhen &amp#27;[0m&amp#27;[32mUser dont enter email address into email field&amp#27;[0m                        &amp#27;[90m# stepDefinitions.Login.user_dont_enter_email_address_into_email_field()&amp#27;[0m
  &amp#27;[32mAnd &amp#27;[0m&amp#27;[32mUser dont enter valid password into password field.&amp#27;[0m                    &amp#27;[90m# stepDefinitions.Login.user_dont_enter_valid_password_into_password_field()&amp#27;[0m
  &amp#27;[32mAnd &amp#27;[0m&amp#27;[32mClick on Continue button&amp#27;[0m                                               &amp#27;[90m# stepDefinitions.Login.click_on_continue_button()&amp#27;[0m
  &amp#27;[32mThen &amp#27;[0m&amp#27;[32mUser should get getproper warning message about credentials mismatch.&amp#27;[0m &amp#27;[90m# stepDefinitions.Login.user_should_get_getproper_warning_message_about_credentials_mismatch()&amp#27;[0m
]]></system-out>
    <system-err><![CDATA[Sep 03, 2023 8:37:02 PM org.openqa.selenium.devtools.CdpVersionFinder findNearestMatch
WARNING: Unable to find an exact match for CDP version 116, so returning the closest version found: 115
]]></system-err>
  </testcase>
</testsuite>